# JRE version: OpenJDK Runtime Environment Corretto-17.0.5.8.1 (17.0.5+8) (build 17.0.5+8-LTS)
# Java VM: OpenJDK 64-Bit Server VM Corretto-17.0.5.8.1 (17.0.5+8-LTS, mixed mode, sharing, tiered, compressed oops, compressed class ptrs, g1 gc, windows-amd64)
GC Precious Log:
 CPUs: 8 total, 8 available
 Memory: 8037M
 Large Page Support: Disabled
 NUMA Support: Disabled
 Compressed Oops: Enabled (32-bit)
 Heap Region Size: 1M
 Heap Min Capacity: 8M
 Heap Initial Capacity: 126M
 Heap Max Capacity: 2010M
 Pre-touch: Disabled
 Parallel Workers: 8
 Concurrent Workers: 2
 Concurrent Refinement Workers: 8
 Periodic GC: Disabled
Heap:
 garbage-first heap   total 218112K, used 136192K [0x0000000082600000, 0x0000000100000000)
  region size 1024K, 6 young (6144K), 6 survivors (6144K)
 Metaspace       used 29508K, committed 29888K, reserved 1081344K
  class space    used 3251K, committed 3456K, reserved 1048576K
GC Heap History (20 events):
Event: 5.230 GC heap after
{Heap after GC invocations=9 (full 0):
 garbage-first heap   total 155648K, used 82432K [0x0000000082600000, 0x0000000100000000)
  region size 1024K, 8 young (8192K), 8 survivors (8192K)
 Metaspace       used 17854K, committed 18112K, reserved 1064960K
  class space    used 1923K, committed 2048K, reserved 1048576K
}
Event: 5.543 GC heap before
{Heap before GC invocations=9 (full 0):
 garbage-first heap   total 155648K, used 117248K [0x0000000082600000, 0x0000000100000000)
  region size 1024K, 42 young (43008K), 8 survivors (8192K)
 Metaspace       used 18057K, committed 18304K, reserved 1064960K
  class space    used 1941K, committed 2048K, reserved 1048576K
}
Event: 5.555 GC heap after
{Heap after GC invocations=10 (full 0):
 garbage-first heap   total 218112K, used 89088K [0x0000000082600000, 0x0000000100000000)
  region size 1024K, 6 young (6144K), 6 survivors (6144K)
 Metaspace       used 18057K, committed 18304K, reserved 1064960K
  class space    used 1941K, committed 2048K, reserved 1048576K
}
Event: 7.206 GC heap before
{Heap before GC invocations=11 (full 0):
 garbage-first heap   total 218112K, used 166912K [0x0000000082600000, 0x0000000100000000)
  region size 1024K, 70 young (71680K), 6 survivors (6144K)
 Metaspace       used 26407K, committed 26688K, reserved 1073152K
  class space    used 2936K, committed 3072K, reserved 1048576K
}
Event: 7.220 GC heap after
{Heap after GC invocations=12 (full 0):
 garbage-first heap   total 218112K, used 114688K [0x0000000082600000, 0x0000000100000000)
  region size 1024K, 9 young (9216K), 9 survivors (9216K)
 Metaspace       used 26407K, committed 26688K, reserved 1073152K
  class space    used 2936K, committed 3072K, reserved 1048576K
}
Event: 7.249 GC heap before
{Heap before GC invocations=12 (full 0):
 garbage-first heap   total 218112K, used 115712K [0x0000000082600000, 0x0000000100000000)
  region size 1024K, 10 young (10240K), 9 survivors (9216K)
 Metaspace       used 26461K, committed 26816K, reserved 1081344K
  class space    used 2943K, committed 3072K, reserved 1048576K
}
Event: 7.254 GC heap after
{Heap after GC invocations=13 (full 0):
 garbage-first heap   total 218112K, used 115979K [0x0000000082600000, 0x0000000100000000)
  region size 1024K, 2 young (2048K), 2 survivors (2048K)
 Metaspace       used 26461K, committed 26816K, reserved 1081344K
  class space    used 2943K, committed 3072K, reserved 1048576K
}
Event: 7.877 GC heap before
{Heap before GC invocations=13 (full 0):
 garbage-first heap   total 218112K, used 162059K [0x0000000082600000, 0x0000000100000000)
  region size 1024K, 47 young (48128K), 2 survivors (2048K)
 Metaspace       used 28381K, committed 28736K, reserved 1081344K
  class space    used 3169K, committed 3328K, reserved 1048576K
}
Event: 7.879 GC heap after
{Heap after GC invocations=14 (full 0):
 garbage-first heap   total 218112K, used 115763K [0x0000000082600000, 0x0000000100000000)
  region size 1024K, 2 young (2048K), 2 survivors (2048K)
 Metaspace       used 28381K, committed 28736K, reserved 1081344K
  class space    used 3169K, committed 3328K, reserved 1048576K
}
Event: 8.542 GC heap before
{Heap before GC invocations=15 (full 0):
 garbage-first heap   total 218112K, used 169011K [0x0000000082600000, 0x0000000100000000)
  region size 1024K, 51 young (52224K), 2 survivors (2048K)
 Metaspace       used 30193K, committed 30528K, reserved 1081344K
  class space    used 3376K, committed 3520K, reserved 1048576K
}
Event: 8.546 GC heap after
{Heap after GC invocations=16 (full 0):
 garbage-first heap   total 218112K, used 121319K [0x0000000082600000, 0x0000000100000000)
  region size 1024K, 6 young (6144K), 6 survivors (6144K)
 Metaspace       used 30193K, committed 30528K, reserved 1081344K
  class space    used 3376K, committed 3520K, reserved 1048576K
}
Event: 8.657 GC heap before
{Heap before GC invocations=16 (full 0):
 garbage-first heap   total 218112K, used 125415K [0x0000000082600000, 0x0000000100000000)
  region size 1024K, 10 young (10240K), 6 survivors (6144K)
 Metaspace       used 30209K, committed 30528K, reserved 1081344K
  class space    used 3376K, committed 3520K, reserved 1048576K
}
Event: 8.661 GC heap after
{Heap after GC invocations=17 (full 0):
 garbage-first heap   total 218112K, used 111829K [0x0000000082600000, 0x0000000100000000)
  region size 1024K, 1 young (1024K), 1 survivors (1024K)
 Metaspace       used 30209K, committed 30528K, reserved 1081344K
  class space    used 3376K, committed 3520K, reserved 1048576K
}
Event: 8.961 GC heap before
{Heap before GC invocations=17 (full 0):
 garbage-first heap   total 218112K, used 146645K [0x0000000082600000, 0x0000000100000000)
  region size 1024K, 36 young (36864K), 1 survivors (1024K)
 Metaspace       used 30256K, committed 30656K, reserved 1081344K
  class space    used 3376K, committed 3520K, reserved 1048576K
}
Event: 8.963 GC heap after
{Heap after GC invocations=18 (full 0):
 garbage-first heap   total 218112K, used 115525K [0x0000000082600000, 0x0000000100000000)
  region size 1024K, 5 young (5120K), 5 survivors (5120K)
 Metaspace       used 30256K, committed 30656K, reserved 1081344K
  class space    used 3376K, committed 3520K, reserved 1048576K
}
Event: 9.219 GC heap before
{Heap before GC invocations=19 (full 0):
 garbage-first heap   total 218112K, used 170821K [0x0000000082600000, 0x0000000100000000)
  region size 1024K, 56 young (57344K), 5 survivors (5120K)
 Metaspace       used 28616K, committed 29568K, reserved 1081344K
  class space    used 3173K, committed 3392K, reserved 1048576K
}
Event: 9.229 GC heap after
{Heap after GC invocations=20 (full 0):
 garbage-first heap   total 218112K, used 135399K [0x0000000082600000, 0x0000000100000000)
  region size 1024K, 7 young (7168K), 7 survivors (7168K)
 Metaspace       used 28616K, committed 29568K, reserved 1081344K
  class space    used 3173K, committed 3392K, reserved 1048576K
}
Event: 9.235 GC heap before
{Heap before GC invocations=20 (full 0):
 garbage-first heap   total 218112K, used 137447K [0x0000000082600000, 0x0000000100000000)
  region size 1024K, 10 young (10240K), 7 survivors (7168K)
 Metaspace       used 28616K, committed 29568K, reserved 1081344K
  class space    used 3173K, committed 3392K, reserved 1048576K
}
Event: 9.241 GC heap after
{Heap after GC invocations=21 (full 0):
 garbage-first heap   total 218112K, used 129767K [0x0000000082600000, 0x0000000100000000)
  region size 1024K, 2 young (2048K), 2 survivors (2048K)
 Metaspace       used 28616K, committed 29568K, reserved 1081344K
  class space    used 3173K, committed 3392K, reserved 1048576K
}
Event: 9.693 GC heap before
{Heap before GC invocations=21 (full 0):
 garbage-first heap   total 218112K, used 169703K [0x0000000082600000, 0x0000000100000000)
  region size 1024K, 41 young (41984K), 2 survivors (2048K)
 Metaspace       used 29508K, committed 29888K, reserved 1081344K
  class space    used 3251K, committed 3456K, reserved 1048576K
}

