# JRE version: OpenJDK Runtime Environment Corretto-17.0.5.8.1 (17.0.5+8) (build 17.0.5+8-LTS)
# Java VM: OpenJDK 64-Bit Server VM Corretto-17.0.5.8.1 (17.0.5+8-LTS, mixed mode, sharing, tiered, compressed oops, compressed class ptrs, g1 gc, windows-amd64)
GC Precious Log:
 CPUs: 8 total, 8 available
 Memory: 8037M
 Large Page Support: Disabled
 NUMA Support: Disabled
 Compressed Oops: Enabled (32-bit)
 Heap Region Size: 1M
 Heap Min Capacity: 8M
 Heap Initial Capacity: 126M
 Heap Max Capacity: 2010M
 Pre-touch: Disabled
 Parallel Workers: 8
 Concurrent Workers: 2
 Concurrent Refinement Workers: 8
 Periodic GC: Disabled
Heap:
 garbage-first heap   total 155648K, used 90112K [0x0000000082600000, 0x0000000100000000)
  region size 1024K, 5 young (5120K), 5 survivors (5120K)
 Metaspace       used 17976K, committed 18240K, reserved 1064960K
  class space    used 1936K, committed 2048K, reserved 1048576K
GC Heap History (19 events):
Event: 1.093 GC heap before
{Heap before GC invocations=0 (full 0):
 garbage-first heap   total 129024K, used 22528K [0x0000000082600000, 0x0000000100000000)
  region size 1024K, 23 young (23552K), 0 survivors (0K)
 Metaspace       used 4814K, committed 4928K, reserved 1056768K
  class space    used 571K, committed 640K, reserved 1048576K
}
Event: 1.100 GC heap after
{Heap after GC invocations=1 (full 0):
 garbage-first heap   total 129024K, used 3458K [0x0000000082600000, 0x0000000100000000)
  region size 1024K, 3 young (3072K), 3 survivors (3072K)
 Metaspace       used 4814K, committed 4928K, reserved 1056768K
  class space    used 571K, committed 640K, reserved 1048576K
}
Event: 1.748 GC heap before
{Heap before GC invocations=1 (full 0):
 garbage-first heap   total 129024K, used 35202K [0x0000000082600000, 0x0000000100000000)
  region size 1024K, 34 young (34816K), 3 survivors (3072K)
 Metaspace       used 10686K, committed 10880K, reserved 1064960K
  class space    used 1309K, committed 1408K, reserved 1048576K
}
Event: 1.755 GC heap after
{Heap after GC invocations=2 (full 0):
 garbage-first heap   total 129024K, used 5933K [0x0000000082600000, 0x0000000100000000)
  region size 1024K, 3 young (3072K), 3 survivors (3072K)
 Metaspace       used 10686K, committed 10880K, reserved 1064960K
  class space    used 1309K, committed 1408K, reserved 1048576K
}
Event: 2.465 GC heap before
{Heap before GC invocations=2 (full 0):
 garbage-first heap   total 129024K, used 79661K [0x0000000082600000, 0x0000000100000000)
  region size 1024K, 75 young (76800K), 3 survivors (3072K)
 Metaspace       used 12504K, committed 12736K, reserved 1064960K
  class space    used 1429K, committed 1536K, reserved 1048576K
}
Event: 2.479 GC heap after
{Heap after GC invocations=3 (full 0):
 garbage-first heap   total 129024K, used 14449K [0x0000000082600000, 0x0000000100000000)
  region size 1024K, 10 young (10240K), 10 survivors (10240K)
 Metaspace       used 12504K, committed 12736K, reserved 1064960K
  class space    used 1429K, committed 1536K, reserved 1048576K
}
Event: 3.199 GC heap before
{Heap before GC invocations=3 (full 0):
 garbage-first heap   total 129024K, used 81009K [0x0000000082600000, 0x0000000100000000)
  region size 1024K, 75 young (76800K), 10 survivors (10240K)
 Metaspace       used 14353K, committed 14528K, reserved 1064960K
  class space    used 1589K, committed 1664K, reserved 1048576K
}
Event: 3.213 GC heap after
{Heap after GC invocations=4 (full 0):
 garbage-first heap   total 129024K, used 21376K [0x0000000082600000, 0x0000000100000000)
  region size 1024K, 8 young (8192K), 8 survivors (8192K)
 Metaspace       used 14353K, committed 14528K, reserved 1064960K
  class space    used 1589K, committed 1664K, reserved 1048576K
}
Event: 3.528 GC heap before
{Heap before GC invocations=4 (full 0):
 garbage-first heap   total 129024K, used 88960K [0x0000000082600000, 0x0000000100000000)
  region size 1024K, 74 young (75776K), 8 survivors (8192K)
 Metaspace       used 14631K, committed 14784K, reserved 1064960K
  class space    used 1596K, committed 1664K, reserved 1048576K
}
Event: 3.542 GC heap after
{Heap after GC invocations=5 (full 0):
 garbage-first heap   total 129024K, used 32705K [0x0000000082600000, 0x0000000100000000)
  region size 1024K, 10 young (10240K), 10 survivors (10240K)
 Metaspace       used 14631K, committed 14784K, reserved 1064960K
  class space    used 1596K, committed 1664K, reserved 1048576K
}
Event: 4.206 GC heap before
{Heap before GC invocations=5 (full 0):
 garbage-first heap   total 129024K, used 93121K [0x0000000082600000, 0x0000000100000000)
  region size 1024K, 67 young (68608K), 10 survivors (10240K)
 Metaspace       used 17206K, committed 17472K, reserved 1064960K
  class space    used 1886K, committed 2048K, reserved 1048576K
}
Event: 4.223 GC heap after
{Heap after GC invocations=6 (full 0):
 garbage-first heap   total 155648K, used 42794K [0x0000000082600000, 0x0000000100000000)
  region size 1024K, 9 young (9216K), 9 survivors (9216K)
 Metaspace       used 17206K, committed 17472K, reserved 1064960K
  class space    used 1886K, committed 2048K, reserved 1048576K
}
Event: 4.720 GC heap before
{Heap before GC invocations=6 (full 0):
 garbage-first heap   total 155648K, used 111402K [0x0000000082600000, 0x0000000100000000)
  region size 1024K, 72 young (73728K), 9 survivors (9216K)
 Metaspace       used 17398K, committed 17728K, reserved 1064960K
  class space    used 1886K, committed 2048K, reserved 1048576K
}
Event: 4.733 GC heap after
{Heap after GC invocations=7 (full 0):
 garbage-first heap   total 155648K, used 55296K [0x0000000082600000, 0x0000000100000000)
  region size 1024K, 9 young (9216K), 9 survivors (9216K)
 Metaspace       used 17398K, committed 17728K, reserved 1064960K
  class space    used 1886K, committed 2048K, reserved 1048576K
}
Event: 4.886 GC heap before
{Heap before GC invocations=7 (full 0):
 garbage-first heap   total 155648K, used 111616K [0x0000000082600000, 0x0000000100000000)
  region size 1024K, 64 young (65536K), 9 survivors (9216K)
 Metaspace       used 17418K, committed 17728K, reserved 1064960K
  class space    used 1886K, committed 2048K, reserved 1048576K
}
Event: 4.899 GC heap after
{Heap after GC invocations=8 (full 0):
 garbage-first heap   total 155648K, used 65536K [0x0000000082600000, 0x0000000100000000)
  region size 1024K, 8 young (8192K), 8 survivors (8192K)
 Metaspace       used 17418K, committed 17728K, reserved 1064960K
  class space    used 1886K, committed 2048K, reserved 1048576K
}
Event: 5.366 GC heap before
{Heap before GC invocations=8 (full 0):
 garbage-first heap   total 155648K, used 116736K [0x0000000082600000, 0x0000000100000000)
  region size 1024K, 55 young (56320K), 8 survivors (8192K)
 Metaspace       used 17848K, committed 18112K, reserved 1064960K
  class space    used 1923K, committed 2048K, reserved 1048576K
}
Event: 5.385 GC heap after
{Heap after GC invocations=9 (full 0):
 garbage-first heap   total 155648K, used 83968K [0x0000000082600000, 0x0000000100000000)
  region size 1024K, 7 young (7168K), 7 survivors (7168K)
 Metaspace       used 17848K, committed 18112K, reserved 1064960K
  class space    used 1923K, committed 2048K, reserved 1048576K
}
Event: 5.595 GC heap before
{Heap before GC invocations=9 (full 0):
 garbage-first heap   total 155648K, used 117760K [0x0000000082600000, 0x0000000100000000)
  region size 1024K, 40 young (40960K), 7 survivors (7168K)
 Metaspace       used 17976K, committed 18240K, reserved 1064960K
  class space    used 1936K, committed 2048K, reserved 1048576K
}

